

<!DOCTYPE html>
<html>
<head>
	<meta charset='utf-8' /> 
	<meta name='description' content='' />
	<meta name='robots' content='noodp, noydir' />
	<meta name='viewport' content='width=device-width, initial-scale=1' />
	<meta id="timeStampFormat" name="timeStampFormat" content='MMM d, yyyy hh:mm:ss a'/>
	
	<link href='https://fonts.googleapis.com/css?family=Source+Sans+Pro:400,600' rel='stylesheet' type='text/css' />
	<link href="https://fonts.googleapis.com/icon?family=Material+Icons" rel="stylesheet" />
	<link href='https://cdn.rawgit.com/extent-framework/extent-github-cdn/b65cd69/v3html/css/extent.css' type='text/css' rel='stylesheet' />
	
	<title>TNEDICCA AUTOMATION</title>

	<style type='text/css'>
		/* json-tree */
		.jstBracket,.jstComma,.jstValue{white-space:pre-wrap}.jstValue{font-size:10px;font-weight:400;font-family:"Lucida Console",Monaco,monospace}.jstProperty{color:#666;word-wrap:break-word}.jstBool{color:#2525CC}.jstNum{color:#D036D0}.jstNull{color:gray}.jstStr{color:#2DB669}.jstFold:after{content:' -';cursor:pointer}.jstExpand{white-space:normal}.jstExpand:after{content:' +';cursor:pointer}.jstFolded{white-space:normal!important}.jstHiddenBlock{display:none}
			css-string
	</style>
	
	<script type="text/javascript">
		/*! json-tree - v0.2.2 - 2017-09-25, MIT LICENSE */
		var JSONTree=function(){var n={"&":"&amp;","<":"&lt;",">":"&gt;",'"':"&quot;","'":"&#x27;","/":"&#x2F;"},t=0,r=0;this.create=function(n,t){return r+=1,N(u(n,0,!1),{class:"jstValue"})};var e=function(t){return t.replace(/[&<>'"]/g,function(t){return n[t]})},s=function(){return r+"_"+t++},u=function(n,t,r){if(null===n)return f(r?t:0);switch(typeof n){case"boolean":return l(n,r?t:0);case"number":return i(n,r?t:0);case"string":return o(n,r?t:0);default:return n instanceof Array?a(n,t,r):c(n,t,r)}},c=function(n,t,r){var e=s(),u=Object.keys(n).map(function(r){return j(r,n[r],t+1,!0)}).join(m()),c=[g("{",r?t:0,e),N(u,{id:e}),p("}",t)].join("\n");return N(c,{})},a=function(n,t,r){var e=s(),c=n.map(function(n){return u(n,t+1,!0)}).join(m());return[g("[",r?t:0,e),N(c,{id:e}),p("]",t)].join("\n")},o=function(n,t){var r=e(JSON.stringify(n));return N(v(r,t),{class:"jstStr"})},i=function(n,t){return N(v(n,t),{class:"jstNum"})},l=function(n,t){return N(v(n,t),{class:"jstBool"})},f=function(n){return N(v("null",n),{class:"jstNull"})},j=function(n,t,r){var s=v(e(JSON.stringify(n))+": ",r),c=N(u(t,r,!1),{});return N(s+c,{class:"jstProperty"})},m=function(){return N(",\n",{class:"jstComma"})},N=function(n,t){return d("span",t,n)},d=function(n,t,r){return"<"+n+Object.keys(t).map(function(n){return" "+n+'="'+t[n]+'"'}).join("")+">"+r+"</"+n+">"},g=function(n,t,r){return N(v(n,t),{class:"jstBracket"})+N("",{class:"jstFold",onclick:"JSONTree.toggle('"+r+"')"})};this.toggle=function(n){var t=document.getElementById(n),r=t.parentNode,e=t.previousElementSibling;""===t.className?(t.className="jstHiddenBlock",r.className="jstFolded",e.className="jstExpand"):(t.className="",r.className="",e.className="jstFold")};var p=function(n,t){return N(v(n,t),{})},v=function(n,t){return Array(2*t+1).join(" ")+n};return this}();
	</script>
</head>
	<body class='extent dark default hide-overflow '>
		<div id='theme-selector' alt='Click to toggle theme. To enable by default, use theme configuration.' title='Click to toggle theme. To enable by default, use theme configuration.'>
			<span><i class='material-icons'>desktop_windows</i></span>
		</div>
<nav>
	<div class="nav-wrapper">
		<a href="#!" class="brand-logo black"><img src="https://cdn.rawgit.com/extent-framework/extent-github-cdn/d74480e/commons/img/logo.png"></a>
		<!-- slideout menu -->
		<ul id='slide-out' class='side-nav fixed hide-on-med-and-down'>
			<li class='waves-effect active'><a href='#!' view='test-view' onclick="configureView(0);chartsView('test');"><i class='material-icons'>dashboard</i></a></li>
						<li class='waves-effect'><a href='#!' onclick="configureView(-1);chartsView('dashboard');" view='dashboard-view'><i class='material-icons'>track_changes</i></a></li>
		</ul>
		<!-- report name -->
		<span class='report-name'>TNEDICCA Billing and Monitoring Dashboard</span>
		<!-- report headline -->
		<span class='report-headline'></span>
		<!-- nav-right -->
		<ul id='nav-mobile' class='right hide-on-med-and-down nav-right'>
			<a href='#!'>
			<span class='label blue darken-3 suite-start-time'>Mar 19, 2024 02:36:47 PM</span>
			</a>
		</ul>
	</div>
</nav>		<!-- container -->
		<div class='container'>
<div id='test-view' class='view'>
	<section id='controls'>
		<div class='controls grey lighten-4'>
			<!-- test toggle -->
			<div class='chip transparent'>
				<a class='dropdown-button tests-toggle' data-activates='tests-toggle' data-constrainwidth='true' data-beloworigin='true' data-hover='true' href='#'>
				<i class='material-icons'>warning</i> Status
				</a>
				<ul id='tests-toggle' class='dropdown-content'>
										<li status='fail'><a href='#!'>Fail <i class='material-icons red-text'>cancel</i></a></li>
					<li class='divider'></li>
					<li status='clear' clear='true'><a href='#!'>Clear Filters <i class='material-icons'>clear</i></a></li>
				</ul>
			</div>
			<!-- test toggle -->
			<!-- category toggle -->
			<!-- category toggle -->
			<!-- clear filters -->
			<div class='chip transparent hide'>
				<a class='' id='clear-filters' alt='Clear Filters' title='Clear Filters'>
				<i class='material-icons'>close</i> Clear
				</a>
			</div>
			<!-- clear filters -->
			<!-- enable dashboard -->
			<div id='toggle-test-view-charts' class='chip transparent'>
				<a class='pink-text' id='enable-dashboard' alt='Enable Dashboard' title='Enable Dashboard'>
				<i class='material-icons'>track_changes</i> Dashboard
				</a>
			</div>
			<!-- enable dashboard -->
			<!-- search -->
			<div class='chip transparent' alt='Search Tests' title='Search Tests'>
				<a href="#" class='search-div'>
				<i class='material-icons'>search</i> Search
				</a>
				<div class='input-field left hide'>
					<input id='search-tests' type='text' class='validate browser-default' placeholder='Search Tests...'>
				</div>
			</div>
			<!-- search -->
		</div>
	</section>
<div id='test-view-charts' class='subview-full'>
    <div id='charts-row' class='row nm-v nm-h'>
        <div class='col s12 m12 l12 np-h'>
            <div class='card-panel nm-v'>
                <div class='left panel-name'>Tests</div>
                <div class='chart-box' style="max-height:94px;">
                    <canvas id='parent-analysis' width='90' height='70'></canvas>
                </div>
                <div class='block text-small'>
                    <span class='tooltipped' data-position='top' data-tooltip='0%'><span class='strong'>0</span> test(s) passed</span>
                </div>
                <div class='block text-small'>
                    <span class='strong tooltipped' data-position='top' data-tooltip='100%'>10</span> test(s) failed, <span class='strong tooltipped' data-position='top' data-tooltip='0%'>0</span> others
                </div>
            </div>
        </div>
    </div>
    <div id="timeline-chart" class="row nm-v nm-h">
        <div class="col s12 m12 l12 np-h">
            <div class="card-panel">
                <div class='left panel-name'>Timeline (seconds)</div>
                <div class="chart-box" style="width:98%;max-height:145px;">
                    <canvas id="timeline" height="120"></canvas>
                </div>
            </div>
        </div>
    </div>
</div>	<div class='subview-left left'>
		<div class='view-summary'>
			<ul id='test-collection' class='test-collection'>
				<li class='test displayed active  fail' status='fail' bdd='false' test-id='1'>
					<div class='test-heading'>
						<span class='test-name'>Test_case.To_Verify_login_page     @TestCase : loginpage</span>
						<span class='test-time'>Mar 19, 2024 02:37:15 PM</span>
						<span class='test-status right fail'>fail</span>
					</div>
					<div class='test-content hide'>
<div class='test-time-info'>
	<span class='label start-time'>Mar 19, 2024 02:37:15 PM</span>
	<span class='label end-time'>Mar 19, 2024 02:37:25 PM</span>
	<span class='label time-taken grey lighten-1 white-text'>0h 0m 10s+349ms</span>
</div>
<div class='test-steps'>
	<table class='bordered table-results'>
		<thead>
			<tr>
				<th>Status</th>
				<th>Timestamp</th>
				<th>Details</th>
			</tr>
		</thead>
		<tbody>
			<tr class='log' status='fail'>
				<td class='status fail' title='fail' alt='fail'><i class='material-icons'>cancel</i></td>
				<td class='timestamp'>2:37:25 PM</td>
				<td class='step-details'>
						<details><summary><b><font color=red>Exception Occured:Click to see</font></b ></summary>[java.base/jdk.internal.reflect.NativeConstructorAccessorImpl.newInstance0(Native Method)<br> java.base/jdk.internal.reflect.NativeConstructorAccessorImpl.newInstance(NativeConstructorAccessorImpl.java:62)<br> java.base/jdk.internal.reflect.DelegatingConstructorAccessorImpl.newInstance(DelegatingConstructorAccessorImpl.java:45)<br> java.base/java.lang.reflect.Constructor.newInstance(Constructor.java:490)<br> org.openqa.selenium.remote.codec.w3c.W3CHttpResponseCodec.createException(W3CHttpResponseCodec.java:200)<br> org.openqa.selenium.remote.codec.w3c.W3CHttpResponseCodec.decode(W3CHttpResponseCodec.java:133)<br> org.openqa.selenium.remote.codec.w3c.W3CHttpResponseCodec.decode(W3CHttpResponseCodec.java:52)<br> org.openqa.selenium.remote.HttpCommandExecutor.execute(HttpCommandExecutor.java:191)<br> org.openqa.selenium.remote.service.DriverCommandExecutor.invokeExecute(DriverCommandExecutor.java:200)<br> org.openqa.selenium.remote.service.DriverCommandExecutor.execute(DriverCommandExecutor.java:175)<br> org.openqa.selenium.remote.RemoteWebDriver.execute(RemoteWebDriver.java:607)<br> org.openqa.selenium.remote.ElementLocation$ElementFinder$2.findElement(ElementLocation.java:165)<br> org.openqa.selenium.remote.ElementLocation.findElement(ElementLocation.java:66)<br> org.openqa.selenium.remote.RemoteWebDriver.findElement(RemoteWebDriver.java:364)<br> org.openqa.selenium.remote.RemoteWebDriver.findElement(RemoteWebDriver.java:358)<br> org.openqa.selenium.support.pagefactory.DefaultElementLocator.findElement(DefaultElementLocator.java:68)<br> org.openqa.selenium.support.pagefactory.internal.LocatingElementHandler.invoke(LocatingElementHandler.java:38)<br> com.sun.proxy.$Proxy10.sendKeys(Unknown Source)<br> Test_case.To_Verify_login_page.login(To_Verify_login_page.java:21)<br> Test_case.To_Verify_login_page.loginpage(To_Verify_login_page.java:49)<br> java.base/jdk.internal.reflect.NativeMethodAccessorImpl.invoke0(Native Method)<br> java.base/jdk.internal.reflect.NativeMethodAccessorImpl.invoke(NativeMethodAccessorImpl.java:62)<br> java.base/jdk.internal.reflect.DelegatingMethodAccessorImpl.invoke(DelegatingMethodAccessorImpl.java:43)<br> java.base/java.lang.reflect.Method.invoke(Method.java:566)<br> org.testng.internal.invokers.MethodInvocationHelper.invokeMethod(MethodInvocationHelper.java:139)<br> org.testng.internal.invokers.TestInvoker.invokeMethod(TestInvoker.java:664)<br> org.testng.internal.invokers.TestInvoker.invokeTestMethod(TestInvoker.java:228)<br> org.testng.internal.invokers.MethodRunner.runInSequence(MethodRunner.java:63)<br> org.testng.internal.invokers.TestInvoker$MethodInvocationAgent.invoke(TestInvoker.java:961)<br> org.testng.internal.invokers.TestInvoker.invokeTestMethods(TestInvoker.java:201)<br> org.testng.internal.invokers.TestMethodWorker.invokeTestMethods(TestMethodWorker.java:148)<br> org.testng.internal.invokers.TestMethodWorker.run(TestMethodWorker.java:128)<br> java.base/java.util.ArrayList.forEach(ArrayList.java:1541)<br> org.testng.TestRunner.privateRun(TestRunner.java:819)<br> org.testng.TestRunner.run(TestRunner.java:619)<br> org.testng.SuiteRunner.runTest(SuiteRunner.java:443)<br> org.testng.SuiteRunner.runSequentially(SuiteRunner.java:437)<br> org.testng.SuiteRunner.privateRun(SuiteRunner.java:397)<br> org.testng.SuiteRunner.run(SuiteRunner.java:336)<br> org.testng.SuiteRunnerWorker.runSuite(SuiteRunnerWorker.java:52)<br> org.testng.SuiteRunnerWorker.run(SuiteRunnerWorker.java:95)<br> org.testng.TestNG.runSuitesSequentially(TestNG.java:1301)<br> org.testng.TestNG.runSuitesLocally(TestNG.java:1228)<br> org.testng.TestNG.runSuites(TestNG.java:1134)<br> org.testng.TestNG.run(TestNG.java:1101)<br> org.apache.maven.surefire.testng.TestNGExecutor.run(TestNGExecutor.java:308)<br> org.apache.maven.surefire.testng.TestNGXmlTestSuite.execute(TestNGXmlTestSuite.java:71)<br> org.apache.maven.surefire.testng.TestNGProvider.invoke(TestNGProvider.java:113)<br> org.apache.maven.surefire.booter.ForkedBooter.runSuitesInProcess(ForkedBooter.java:385)<br> org.apache.maven.surefire.booter.ForkedBooter.execute(ForkedBooter.java:162)<br> org.apache.maven.surefire.booter.ForkedBooter.run(ForkedBooter.java:507)<br> org.apache.maven.surefire.booter.ForkedBooter.main(ForkedBooter.java:495)]</details>
					
				</td>
			</tr>
			<tr class='log' status='fail'>
				<td class='status fail' title='fail' alt='fail'><i class='material-icons'>cancel</i></td>
				<td class='timestamp'>2:37:25 PM</td>
				<td class='step-details'>
						<b><font color=red>Screenshot of failure</font></b>
					<img class='r-img' onerror='this.style.display="none"' data-featherlight='Tue_Mar_19_14_37_25_IST_2024.jpg' src='Tue_Mar_19_14_37_25_IST_2024.jpg' data-src='Tue_Mar_19_14_37_25_IST_2024.jpg'>
				</td>
			</tr>
			<tr class='log' status='fail'>
				<td class='status fail' title='fail' alt='fail'><i class='material-icons'>cancel</i></td>
				<td class='timestamp'>2:37:25 PM</td>
				<td class='step-details'>
						<span class='badge white-text red'>TEST CASE FAILED</span>
					
				</td>
			</tr>
		</tbody>
	</table>
</div>
					</div>
				</li>
				<li class='test displayed active  fail' status='fail' bdd='false' test-id='2'>
					<div class='test-heading'>
						<span class='test-name'>Test_case.Login_with_invalid_credential     @TestCase : Invalid_inputs</span>
						<span class='test-time'>Mar 19, 2024 02:37:46 PM</span>
						<span class='test-status right fail'>fail</span>
					</div>
					<div class='test-content hide'>
<div class='test-time-info'>
	<span class='label start-time'>Mar 19, 2024 02:37:46 PM</span>
	<span class='label end-time'>Mar 19, 2024 02:37:47 PM</span>
	<span class='label time-taken grey lighten-1 white-text'>0h 0m 0s+67ms</span>
</div>
<div class='test-steps'>
	<table class='bordered table-results'>
		<thead>
			<tr>
				<th>Status</th>
				<th>Timestamp</th>
				<th>Details</th>
			</tr>
		</thead>
		<tbody>
			<tr class='log' status='fail'>
				<td class='status fail' title='fail' alt='fail'><i class='material-icons'>cancel</i></td>
				<td class='timestamp'>2:37:47 PM</td>
				<td class='step-details'>
						<details><summary><b><font color=red>Exception Occured:Click to see</font></b ></summary>[java.base/jdk.internal.reflect.NativeConstructorAccessorImpl.newInstance0(Native Method)<br> java.base/jdk.internal.reflect.NativeConstructorAccessorImpl.newInstance(NativeConstructorAccessorImpl.java:62)<br> java.base/jdk.internal.reflect.DelegatingConstructorAccessorImpl.newInstance(DelegatingConstructorAccessorImpl.java:45)<br> java.base/java.lang.reflect.Constructor.newInstance(Constructor.java:490)<br> org.openqa.selenium.remote.codec.w3c.W3CHttpResponseCodec.createException(W3CHttpResponseCodec.java:200)<br> org.openqa.selenium.remote.codec.w3c.W3CHttpResponseCodec.decode(W3CHttpResponseCodec.java:133)<br> org.openqa.selenium.remote.codec.w3c.W3CHttpResponseCodec.decode(W3CHttpResponseCodec.java:52)<br> org.openqa.selenium.remote.HttpCommandExecutor.execute(HttpCommandExecutor.java:191)<br> org.openqa.selenium.remote.service.DriverCommandExecutor.invokeExecute(DriverCommandExecutor.java:200)<br> org.openqa.selenium.remote.service.DriverCommandExecutor.execute(DriverCommandExecutor.java:175)<br> org.openqa.selenium.remote.RemoteWebDriver.execute(RemoteWebDriver.java:607)<br> org.openqa.selenium.remote.ElementLocation$ElementFinder$2.findElement(ElementLocation.java:165)<br> org.openqa.selenium.remote.ElementLocation.findElement(ElementLocation.java:66)<br> org.openqa.selenium.remote.RemoteWebDriver.findElement(RemoteWebDriver.java:364)<br> org.openqa.selenium.remote.RemoteWebDriver.findElement(RemoteWebDriver.java:358)<br> org.openqa.selenium.support.pagefactory.DefaultElementLocator.findElement(DefaultElementLocator.java:68)<br> org.openqa.selenium.support.pagefactory.internal.LocatingElementHandler.invoke(LocatingElementHandler.java:38)<br> com.sun.proxy.$Proxy10.sendKeys(Unknown Source)<br> Test_case.Login_with_invalid_credential.invalid_userid(Login_with_invalid_credential.java:19)<br> Test_case.Login_with_invalid_credential.Invalid_inputs(Login_with_invalid_credential.java:62)<br> java.base/jdk.internal.reflect.NativeMethodAccessorImpl.invoke0(Native Method)<br> java.base/jdk.internal.reflect.NativeMethodAccessorImpl.invoke(NativeMethodAccessorImpl.java:62)<br> java.base/jdk.internal.reflect.DelegatingMethodAccessorImpl.invoke(DelegatingMethodAccessorImpl.java:43)<br> java.base/java.lang.reflect.Method.invoke(Method.java:566)<br> org.testng.internal.invokers.MethodInvocationHelper.invokeMethod(MethodInvocationHelper.java:139)<br> org.testng.internal.invokers.TestInvoker.invokeMethod(TestInvoker.java:664)<br> org.testng.internal.invokers.TestInvoker.invokeTestMethod(TestInvoker.java:228)<br> org.testng.internal.invokers.MethodRunner.runInSequence(MethodRunner.java:63)<br> org.testng.internal.invokers.TestInvoker$MethodInvocationAgent.invoke(TestInvoker.java:961)<br> org.testng.internal.invokers.TestInvoker.invokeTestMethods(TestInvoker.java:201)<br> org.testng.internal.invokers.TestMethodWorker.invokeTestMethods(TestMethodWorker.java:148)<br> org.testng.internal.invokers.TestMethodWorker.run(TestMethodWorker.java:128)<br> java.base/java.util.ArrayList.forEach(ArrayList.java:1541)<br> org.testng.TestRunner.privateRun(TestRunner.java:819)<br> org.testng.TestRunner.run(TestRunner.java:619)<br> org.testng.SuiteRunner.runTest(SuiteRunner.java:443)<br> org.testng.SuiteRunner.runSequentially(SuiteRunner.java:437)<br> org.testng.SuiteRunner.privateRun(SuiteRunner.java:397)<br> org.testng.SuiteRunner.run(SuiteRunner.java:336)<br> org.testng.SuiteRunnerWorker.runSuite(SuiteRunnerWorker.java:52)<br> org.testng.SuiteRunnerWorker.run(SuiteRunnerWorker.java:95)<br> org.testng.TestNG.runSuitesSequentially(TestNG.java:1301)<br> org.testng.TestNG.runSuitesLocally(TestNG.java:1228)<br> org.testng.TestNG.runSuites(TestNG.java:1134)<br> org.testng.TestNG.run(TestNG.java:1101)<br> org.apache.maven.surefire.testng.TestNGExecutor.run(TestNGExecutor.java:308)<br> org.apache.maven.surefire.testng.TestNGXmlTestSuite.execute(TestNGXmlTestSuite.java:71)<br> org.apache.maven.surefire.testng.TestNGProvider.invoke(TestNGProvider.java:113)<br> org.apache.maven.surefire.booter.ForkedBooter.runSuitesInProcess(ForkedBooter.java:385)<br> org.apache.maven.surefire.booter.ForkedBooter.execute(ForkedBooter.java:162)<br> org.apache.maven.surefire.booter.ForkedBooter.run(ForkedBooter.java:507)<br> org.apache.maven.surefire.booter.ForkedBooter.main(ForkedBooter.java:495)]</details>
					
				</td>
			</tr>
			<tr class='log' status='fail'>
				<td class='status fail' title='fail' alt='fail'><i class='material-icons'>cancel</i></td>
				<td class='timestamp'>2:37:47 PM</td>
				<td class='step-details'>
						<span class='badge white-text red'>TEST CASE FAILED</span>
					
				</td>
			</tr>
		</tbody>
	</table>
</div>
					</div>
				</li>
				<li class='test displayed active  fail' status='fail' bdd='false' test-id='3'>
					<div class='test-heading'>
						<span class='test-name'>Test_case.To_verify_Home_page     @TestCase : Homepage</span>
						<span class='test-time'>Mar 19, 2024 02:37:51 PM</span>
						<span class='test-status right fail'>fail</span>
					</div>
					<div class='test-content hide'>
<div class='test-time-info'>
	<span class='label start-time'>Mar 19, 2024 02:37:51 PM</span>
	<span class='label end-time'>Mar 19, 2024 02:37:51 PM</span>
	<span class='label time-taken grey lighten-1 white-text'>0h 0m 0s+63ms</span>
</div>
<div class='test-steps'>
	<table class='bordered table-results'>
		<thead>
			<tr>
				<th>Status</th>
				<th>Timestamp</th>
				<th>Details</th>
			</tr>
		</thead>
		<tbody>
			<tr class='log' status='fail'>
				<td class='status fail' title='fail' alt='fail'><i class='material-icons'>cancel</i></td>
				<td class='timestamp'>2:37:51 PM</td>
				<td class='step-details'>
						<details><summary><b><font color=red>Exception Occured:Click to see</font></b ></summary>[java.base/jdk.internal.reflect.NativeConstructorAccessorImpl.newInstance0(Native Method)<br> java.base/jdk.internal.reflect.NativeConstructorAccessorImpl.newInstance(NativeConstructorAccessorImpl.java:62)<br> java.base/jdk.internal.reflect.DelegatingConstructorAccessorImpl.newInstance(DelegatingConstructorAccessorImpl.java:45)<br> java.base/java.lang.reflect.Constructor.newInstance(Constructor.java:490)<br> org.openqa.selenium.remote.codec.w3c.W3CHttpResponseCodec.createException(W3CHttpResponseCodec.java:200)<br> org.openqa.selenium.remote.codec.w3c.W3CHttpResponseCodec.decode(W3CHttpResponseCodec.java:133)<br> org.openqa.selenium.remote.codec.w3c.W3CHttpResponseCodec.decode(W3CHttpResponseCodec.java:52)<br> org.openqa.selenium.remote.HttpCommandExecutor.execute(HttpCommandExecutor.java:191)<br> org.openqa.selenium.remote.service.DriverCommandExecutor.invokeExecute(DriverCommandExecutor.java:200)<br> org.openqa.selenium.remote.service.DriverCommandExecutor.execute(DriverCommandExecutor.java:175)<br> org.openqa.selenium.remote.RemoteWebDriver.execute(RemoteWebDriver.java:607)<br> org.openqa.selenium.remote.ElementLocation$ElementFinder$2.findElement(ElementLocation.java:165)<br> org.openqa.selenium.remote.ElementLocation.findElement(ElementLocation.java:66)<br> org.openqa.selenium.remote.RemoteWebDriver.findElement(RemoteWebDriver.java:364)<br> org.openqa.selenium.remote.RemoteWebDriver.findElement(RemoteWebDriver.java:358)<br> org.openqa.selenium.support.pagefactory.DefaultElementLocator.findElement(DefaultElementLocator.java:68)<br> org.openqa.selenium.support.pagefactory.internal.LocatingElementHandler.invoke(LocatingElementHandler.java:38)<br> com.sun.proxy.$Proxy10.sendKeys(Unknown Source)<br> Test_case.To_verify_Home_page.login(To_verify_Home_page.java:29)<br> Test_case.To_verify_Home_page.Homepage(To_verify_Home_page.java:184)<br> java.base/jdk.internal.reflect.NativeMethodAccessorImpl.invoke0(Native Method)<br> java.base/jdk.internal.reflect.NativeMethodAccessorImpl.invoke(NativeMethodAccessorImpl.java:62)<br> java.base/jdk.internal.reflect.DelegatingMethodAccessorImpl.invoke(DelegatingMethodAccessorImpl.java:43)<br> java.base/java.lang.reflect.Method.invoke(Method.java:566)<br> org.testng.internal.invokers.MethodInvocationHelper.invokeMethod(MethodInvocationHelper.java:139)<br> org.testng.internal.invokers.TestInvoker.invokeMethod(TestInvoker.java:664)<br> org.testng.internal.invokers.TestInvoker.invokeTestMethod(TestInvoker.java:228)<br> org.testng.internal.invokers.MethodRunner.runInSequence(MethodRunner.java:63)<br> org.testng.internal.invokers.TestInvoker$MethodInvocationAgent.invoke(TestInvoker.java:961)<br> org.testng.internal.invokers.TestInvoker.invokeTestMethods(TestInvoker.java:201)<br> org.testng.internal.invokers.TestMethodWorker.invokeTestMethods(TestMethodWorker.java:148)<br> org.testng.internal.invokers.TestMethodWorker.run(TestMethodWorker.java:128)<br> java.base/java.util.ArrayList.forEach(ArrayList.java:1541)<br> org.testng.TestRunner.privateRun(TestRunner.java:819)<br> org.testng.TestRunner.run(TestRunner.java:619)<br> org.testng.SuiteRunner.runTest(SuiteRunner.java:443)<br> org.testng.SuiteRunner.runSequentially(SuiteRunner.java:437)<br> org.testng.SuiteRunner.privateRun(SuiteRunner.java:397)<br> org.testng.SuiteRunner.run(SuiteRunner.java:336)<br> org.testng.SuiteRunnerWorker.runSuite(SuiteRunnerWorker.java:52)<br> org.testng.SuiteRunnerWorker.run(SuiteRunnerWorker.java:95)<br> org.testng.TestNG.runSuitesSequentially(TestNG.java:1301)<br> org.testng.TestNG.runSuitesLocally(TestNG.java:1228)<br> org.testng.TestNG.runSuites(TestNG.java:1134)<br> org.testng.TestNG.run(TestNG.java:1101)<br> org.apache.maven.surefire.testng.TestNGExecutor.run(TestNGExecutor.java:308)<br> org.apache.maven.surefire.testng.TestNGXmlTestSuite.execute(TestNGXmlTestSuite.java:71)<br> org.apache.maven.surefire.testng.TestNGProvider.invoke(TestNGProvider.java:113)<br> org.apache.maven.surefire.booter.ForkedBooter.runSuitesInProcess(ForkedBooter.java:385)<br> org.apache.maven.surefire.booter.ForkedBooter.execute(ForkedBooter.java:162)<br> org.apache.maven.surefire.booter.ForkedBooter.run(ForkedBooter.java:507)<br> org.apache.maven.surefire.booter.ForkedBooter.main(ForkedBooter.java:495)]</details>
					
				</td>
			</tr>
			<tr class='log' status='fail'>
				<td class='status fail' title='fail' alt='fail'><i class='material-icons'>cancel</i></td>
				<td class='timestamp'>2:37:51 PM</td>
				<td class='step-details'>
						<span class='badge white-text red'>TEST CASE FAILED</span>
					
				</td>
			</tr>
		</tbody>
	</table>
</div>
					</div>
				</li>
				<li class='test displayed active  fail' status='fail' bdd='false' test-id='4'>
					<div class='test-heading'>
						<span class='test-name'>Test_case.To_Verify_Edit_Client     @TestCase : Edit_Client_Feature</span>
						<span class='test-time'>Mar 19, 2024 02:37:55 PM</span>
						<span class='test-status right fail'>fail</span>
					</div>
					<div class='test-content hide'>
<div class='test-time-info'>
	<span class='label start-time'>Mar 19, 2024 02:37:55 PM</span>
	<span class='label end-time'>Mar 19, 2024 02:37:55 PM</span>
	<span class='label time-taken grey lighten-1 white-text'>0h 0m 0s+105ms</span>
</div>
<div class='test-steps'>
	<table class='bordered table-results'>
		<thead>
			<tr>
				<th>Status</th>
				<th>Timestamp</th>
				<th>Details</th>
			</tr>
		</thead>
		<tbody>
			<tr class='log' status='fail'>
				<td class='status fail' title='fail' alt='fail'><i class='material-icons'>cancel</i></td>
				<td class='timestamp'>2:37:55 PM</td>
				<td class='step-details'>
						<details><summary><b><font color=red>Exception Occured:Click to see</font></b ></summary>[java.base/jdk.internal.reflect.NativeConstructorAccessorImpl.newInstance0(Native Method)<br> java.base/jdk.internal.reflect.NativeConstructorAccessorImpl.newInstance(NativeConstructorAccessorImpl.java:62)<br> java.base/jdk.internal.reflect.DelegatingConstructorAccessorImpl.newInstance(DelegatingConstructorAccessorImpl.java:45)<br> java.base/java.lang.reflect.Constructor.newInstance(Constructor.java:490)<br> org.openqa.selenium.remote.codec.w3c.W3CHttpResponseCodec.createException(W3CHttpResponseCodec.java:200)<br> org.openqa.selenium.remote.codec.w3c.W3CHttpResponseCodec.decode(W3CHttpResponseCodec.java:133)<br> org.openqa.selenium.remote.codec.w3c.W3CHttpResponseCodec.decode(W3CHttpResponseCodec.java:52)<br> org.openqa.selenium.remote.HttpCommandExecutor.execute(HttpCommandExecutor.java:191)<br> org.openqa.selenium.remote.service.DriverCommandExecutor.invokeExecute(DriverCommandExecutor.java:200)<br> org.openqa.selenium.remote.service.DriverCommandExecutor.execute(DriverCommandExecutor.java:175)<br> org.openqa.selenium.remote.RemoteWebDriver.execute(RemoteWebDriver.java:607)<br> org.openqa.selenium.remote.ElementLocation$ElementFinder$2.findElement(ElementLocation.java:165)<br> org.openqa.selenium.remote.ElementLocation.findElement(ElementLocation.java:66)<br> org.openqa.selenium.remote.RemoteWebDriver.findElement(RemoteWebDriver.java:364)<br> org.openqa.selenium.remote.RemoteWebDriver.findElement(RemoteWebDriver.java:358)<br> org.openqa.selenium.support.pagefactory.DefaultElementLocator.findElement(DefaultElementLocator.java:68)<br> org.openqa.selenium.support.pagefactory.internal.LocatingElementHandler.invoke(LocatingElementHandler.java:38)<br> com.sun.proxy.$Proxy10.sendKeys(Unknown Source)<br> Test_case.To_Verify_Edit_Client.login(To_Verify_Edit_Client.java:22)<br> Test_case.To_Verify_Edit_Client.Edit_Client_Feature(To_Verify_Edit_Client.java:80)<br> java.base/jdk.internal.reflect.NativeMethodAccessorImpl.invoke0(Native Method)<br> java.base/jdk.internal.reflect.NativeMethodAccessorImpl.invoke(NativeMethodAccessorImpl.java:62)<br> java.base/jdk.internal.reflect.DelegatingMethodAccessorImpl.invoke(DelegatingMethodAccessorImpl.java:43)<br> java.base/java.lang.reflect.Method.invoke(Method.java:566)<br> org.testng.internal.invokers.MethodInvocationHelper.invokeMethod(MethodInvocationHelper.java:139)<br> org.testng.internal.invokers.TestInvoker.invokeMethod(TestInvoker.java:664)<br> org.testng.internal.invokers.TestInvoker.invokeTestMethod(TestInvoker.java:228)<br> org.testng.internal.invokers.MethodRunner.runInSequence(MethodRunner.java:63)<br> org.testng.internal.invokers.TestInvoker$MethodInvocationAgent.invoke(TestInvoker.java:961)<br> org.testng.internal.invokers.TestInvoker.invokeTestMethods(TestInvoker.java:201)<br> org.testng.internal.invokers.TestMethodWorker.invokeTestMethods(TestMethodWorker.java:148)<br> org.testng.internal.invokers.TestMethodWorker.run(TestMethodWorker.java:128)<br> java.base/java.util.ArrayList.forEach(ArrayList.java:1541)<br> org.testng.TestRunner.privateRun(TestRunner.java:819)<br> org.testng.TestRunner.run(TestRunner.java:619)<br> org.testng.SuiteRunner.runTest(SuiteRunner.java:443)<br> org.testng.SuiteRunner.runSequentially(SuiteRunner.java:437)<br> org.testng.SuiteRunner.privateRun(SuiteRunner.java:397)<br> org.testng.SuiteRunner.run(SuiteRunner.java:336)<br> org.testng.SuiteRunnerWorker.runSuite(SuiteRunnerWorker.java:52)<br> org.testng.SuiteRunnerWorker.run(SuiteRunnerWorker.java:95)<br> org.testng.TestNG.runSuitesSequentially(TestNG.java:1301)<br> org.testng.TestNG.runSuitesLocally(TestNG.java:1228)<br> org.testng.TestNG.runSuites(TestNG.java:1134)<br> org.testng.TestNG.run(TestNG.java:1101)<br> org.apache.maven.surefire.testng.TestNGExecutor.run(TestNGExecutor.java:308)<br> org.apache.maven.surefire.testng.TestNGXmlTestSuite.execute(TestNGXmlTestSuite.java:71)<br> org.apache.maven.surefire.testng.TestNGProvider.invoke(TestNGProvider.java:113)<br> org.apache.maven.surefire.booter.ForkedBooter.runSuitesInProcess(ForkedBooter.java:385)<br> org.apache.maven.surefire.booter.ForkedBooter.execute(ForkedBooter.java:162)<br> org.apache.maven.surefire.booter.ForkedBooter.run(ForkedBooter.java:507)<br> org.apache.maven.surefire.booter.ForkedBooter.main(ForkedBooter.java:495)]</details>
					
				</td>
			</tr>
			<tr class='log' status='fail'>
				<td class='status fail' title='fail' alt='fail'><i class='material-icons'>cancel</i></td>
				<td class='timestamp'>2:37:55 PM</td>
				<td class='step-details'>
						<span class='badge white-text red'>TEST CASE FAILED</span>
					
				</td>
			</tr>
		</tbody>
	</table>
</div>
					</div>
				</li>
				<li class='test displayed active  fail' status='fail' bdd='false' test-id='5'>
					<div class='test-heading'>
						<span class='test-name'>Test_case.To_Verify_Gateway_Control     @TestCase : GatewayControl</span>
						<span class='test-time'>Mar 19, 2024 02:37:58 PM</span>
						<span class='test-status right fail'>fail</span>
					</div>
					<div class='test-content hide'>
<div class='test-time-info'>
	<span class='label start-time'>Mar 19, 2024 02:37:58 PM</span>
	<span class='label end-time'>Mar 19, 2024 02:37:58 PM</span>
	<span class='label time-taken grey lighten-1 white-text'>0h 0m 0s+52ms</span>
</div>
<div class='test-steps'>
	<table class='bordered table-results'>
		<thead>
			<tr>
				<th>Status</th>
				<th>Timestamp</th>
				<th>Details</th>
			</tr>
		</thead>
		<tbody>
			<tr class='log' status='fail'>
				<td class='status fail' title='fail' alt='fail'><i class='material-icons'>cancel</i></td>
				<td class='timestamp'>2:37:58 PM</td>
				<td class='step-details'>
						<details><summary><b><font color=red>Exception Occured:Click to see</font></b ></summary>[java.base/jdk.internal.reflect.NativeConstructorAccessorImpl.newInstance0(Native Method)<br> java.base/jdk.internal.reflect.NativeConstructorAccessorImpl.newInstance(NativeConstructorAccessorImpl.java:62)<br> java.base/jdk.internal.reflect.DelegatingConstructorAccessorImpl.newInstance(DelegatingConstructorAccessorImpl.java:45)<br> java.base/java.lang.reflect.Constructor.newInstance(Constructor.java:490)<br> org.openqa.selenium.remote.codec.w3c.W3CHttpResponseCodec.createException(W3CHttpResponseCodec.java:200)<br> org.openqa.selenium.remote.codec.w3c.W3CHttpResponseCodec.decode(W3CHttpResponseCodec.java:133)<br> org.openqa.selenium.remote.codec.w3c.W3CHttpResponseCodec.decode(W3CHttpResponseCodec.java:52)<br> org.openqa.selenium.remote.HttpCommandExecutor.execute(HttpCommandExecutor.java:191)<br> org.openqa.selenium.remote.service.DriverCommandExecutor.invokeExecute(DriverCommandExecutor.java:200)<br> org.openqa.selenium.remote.service.DriverCommandExecutor.execute(DriverCommandExecutor.java:175)<br> org.openqa.selenium.remote.RemoteWebDriver.execute(RemoteWebDriver.java:607)<br> org.openqa.selenium.remote.ElementLocation$ElementFinder$2.findElement(ElementLocation.java:165)<br> org.openqa.selenium.remote.ElementLocation.findElement(ElementLocation.java:66)<br> org.openqa.selenium.remote.RemoteWebDriver.findElement(RemoteWebDriver.java:364)<br> org.openqa.selenium.remote.RemoteWebDriver.findElement(RemoteWebDriver.java:358)<br> org.openqa.selenium.support.pagefactory.DefaultElementLocator.findElement(DefaultElementLocator.java:68)<br> org.openqa.selenium.support.pagefactory.internal.LocatingElementHandler.invoke(LocatingElementHandler.java:38)<br> com.sun.proxy.$Proxy10.sendKeys(Unknown Source)<br> Test_case.To_Verify_Gateway_Control.login(To_Verify_Gateway_Control.java:22)<br> Test_case.To_Verify_Gateway_Control.GatewayControl(To_Verify_Gateway_Control.java:119)<br> java.base/jdk.internal.reflect.NativeMethodAccessorImpl.invoke0(Native Method)<br> java.base/jdk.internal.reflect.NativeMethodAccessorImpl.invoke(NativeMethodAccessorImpl.java:62)<br> java.base/jdk.internal.reflect.DelegatingMethodAccessorImpl.invoke(DelegatingMethodAccessorImpl.java:43)<br> java.base/java.lang.reflect.Method.invoke(Method.java:566)<br> org.testng.internal.invokers.MethodInvocationHelper.invokeMethod(MethodInvocationHelper.java:139)<br> org.testng.internal.invokers.TestInvoker.invokeMethod(TestInvoker.java:664)<br> org.testng.internal.invokers.TestInvoker.invokeTestMethod(TestInvoker.java:228)<br> org.testng.internal.invokers.MethodRunner.runInSequence(MethodRunner.java:63)<br> org.testng.internal.invokers.TestInvoker$MethodInvocationAgent.invoke(TestInvoker.java:961)<br> org.testng.internal.invokers.TestInvoker.invokeTestMethods(TestInvoker.java:201)<br> org.testng.internal.invokers.TestMethodWorker.invokeTestMethods(TestMethodWorker.java:148)<br> org.testng.internal.invokers.TestMethodWorker.run(TestMethodWorker.java:128)<br> java.base/java.util.ArrayList.forEach(ArrayList.java:1541)<br> org.testng.TestRunner.privateRun(TestRunner.java:819)<br> org.testng.TestRunner.run(TestRunner.java:619)<br> org.testng.SuiteRunner.runTest(SuiteRunner.java:443)<br> org.testng.SuiteRunner.runSequentially(SuiteRunner.java:437)<br> org.testng.SuiteRunner.privateRun(SuiteRunner.java:397)<br> org.testng.SuiteRunner.run(SuiteRunner.java:336)<br> org.testng.SuiteRunnerWorker.runSuite(SuiteRunnerWorker.java:52)<br> org.testng.SuiteRunnerWorker.run(SuiteRunnerWorker.java:95)<br> org.testng.TestNG.runSuitesSequentially(TestNG.java:1301)<br> org.testng.TestNG.runSuitesLocally(TestNG.java:1228)<br> org.testng.TestNG.runSuites(TestNG.java:1134)<br> org.testng.TestNG.run(TestNG.java:1101)<br> org.apache.maven.surefire.testng.TestNGExecutor.run(TestNGExecutor.java:308)<br> org.apache.maven.surefire.testng.TestNGXmlTestSuite.execute(TestNGXmlTestSuite.java:71)<br> org.apache.maven.surefire.testng.TestNGProvider.invoke(TestNGProvider.java:113)<br> org.apache.maven.surefire.booter.ForkedBooter.runSuitesInProcess(ForkedBooter.java:385)<br> org.apache.maven.surefire.booter.ForkedBooter.execute(ForkedBooter.java:162)<br> org.apache.maven.surefire.booter.ForkedBooter.run(ForkedBooter.java:507)<br> org.apache.maven.surefire.booter.ForkedBooter.main(ForkedBooter.java:495)]</details>
					
				</td>
			</tr>
			<tr class='log' status='fail'>
				<td class='status fail' title='fail' alt='fail'><i class='material-icons'>cancel</i></td>
				<td class='timestamp'>2:37:58 PM</td>
				<td class='step-details'>
						<span class='badge white-text red'>TEST CASE FAILED</span>
					
				</td>
			</tr>
		</tbody>
	</table>
</div>
					</div>
				</li>
				<li class='test displayed active  fail' status='fail' bdd='false' test-id='6'>
					<div class='test-heading'>
						<span class='test-name'>Test_case.To_verify_failover_data_sync     @TestCase : Failover</span>
						<span class='test-time'>Mar 19, 2024 02:38:02 PM</span>
						<span class='test-status right fail'>fail</span>
					</div>
					<div class='test-content hide'>
<div class='test-time-info'>
	<span class='label start-time'>Mar 19, 2024 02:38:02 PM</span>
	<span class='label end-time'>Mar 19, 2024 02:38:02 PM</span>
	<span class='label time-taken grey lighten-1 white-text'>0h 0m 0s+67ms</span>
</div>
<div class='test-steps'>
	<table class='bordered table-results'>
		<thead>
			<tr>
				<th>Status</th>
				<th>Timestamp</th>
				<th>Details</th>
			</tr>
		</thead>
		<tbody>
			<tr class='log' status='fail'>
				<td class='status fail' title='fail' alt='fail'><i class='material-icons'>cancel</i></td>
				<td class='timestamp'>2:38:02 PM</td>
				<td class='step-details'>
						<details><summary><b><font color=red>Exception Occured:Click to see</font></b ></summary>[java.base/jdk.internal.reflect.NativeConstructorAccessorImpl.newInstance0(Native Method)<br> java.base/jdk.internal.reflect.NativeConstructorAccessorImpl.newInstance(NativeConstructorAccessorImpl.java:62)<br> java.base/jdk.internal.reflect.DelegatingConstructorAccessorImpl.newInstance(DelegatingConstructorAccessorImpl.java:45)<br> java.base/java.lang.reflect.Constructor.newInstance(Constructor.java:490)<br> org.openqa.selenium.remote.codec.w3c.W3CHttpResponseCodec.createException(W3CHttpResponseCodec.java:200)<br> org.openqa.selenium.remote.codec.w3c.W3CHttpResponseCodec.decode(W3CHttpResponseCodec.java:133)<br> org.openqa.selenium.remote.codec.w3c.W3CHttpResponseCodec.decode(W3CHttpResponseCodec.java:52)<br> org.openqa.selenium.remote.HttpCommandExecutor.execute(HttpCommandExecutor.java:191)<br> org.openqa.selenium.remote.service.DriverCommandExecutor.invokeExecute(DriverCommandExecutor.java:200)<br> org.openqa.selenium.remote.service.DriverCommandExecutor.execute(DriverCommandExecutor.java:175)<br> org.openqa.selenium.remote.RemoteWebDriver.execute(RemoteWebDriver.java:607)<br> org.openqa.selenium.remote.ElementLocation$ElementFinder$2.findElement(ElementLocation.java:165)<br> org.openqa.selenium.remote.ElementLocation.findElement(ElementLocation.java:66)<br> org.openqa.selenium.remote.RemoteWebDriver.findElement(RemoteWebDriver.java:364)<br> org.openqa.selenium.remote.RemoteWebDriver.findElement(RemoteWebDriver.java:358)<br> org.openqa.selenium.support.pagefactory.DefaultElementLocator.findElement(DefaultElementLocator.java:68)<br> org.openqa.selenium.support.pagefactory.internal.LocatingElementHandler.invoke(LocatingElementHandler.java:38)<br> com.sun.proxy.$Proxy10.sendKeys(Unknown Source)<br> Test_case.To_verify_failover_data_sync.login(To_verify_failover_data_sync.java:20)<br> Test_case.To_verify_failover_data_sync.Failover(To_verify_failover_data_sync.java:106)<br> java.base/jdk.internal.reflect.NativeMethodAccessorImpl.invoke0(Native Method)<br> java.base/jdk.internal.reflect.NativeMethodAccessorImpl.invoke(NativeMethodAccessorImpl.java:62)<br> java.base/jdk.internal.reflect.DelegatingMethodAccessorImpl.invoke(DelegatingMethodAccessorImpl.java:43)<br> java.base/java.lang.reflect.Method.invoke(Method.java:566)<br> org.testng.internal.invokers.MethodInvocationHelper.invokeMethod(MethodInvocationHelper.java:139)<br> org.testng.internal.invokers.TestInvoker.invokeMethod(TestInvoker.java:664)<br> org.testng.internal.invokers.TestInvoker.invokeTestMethod(TestInvoker.java:228)<br> org.testng.internal.invokers.MethodRunner.runInSequence(MethodRunner.java:63)<br> org.testng.internal.invokers.TestInvoker$MethodInvocationAgent.invoke(TestInvoker.java:961)<br> org.testng.internal.invokers.TestInvoker.invokeTestMethods(TestInvoker.java:201)<br> org.testng.internal.invokers.TestMethodWorker.invokeTestMethods(TestMethodWorker.java:148)<br> org.testng.internal.invokers.TestMethodWorker.run(TestMethodWorker.java:128)<br> java.base/java.util.ArrayList.forEach(ArrayList.java:1541)<br> org.testng.TestRunner.privateRun(TestRunner.java:819)<br> org.testng.TestRunner.run(TestRunner.java:619)<br> org.testng.SuiteRunner.runTest(SuiteRunner.java:443)<br> org.testng.SuiteRunner.runSequentially(SuiteRunner.java:437)<br> org.testng.SuiteRunner.privateRun(SuiteRunner.java:397)<br> org.testng.SuiteRunner.run(SuiteRunner.java:336)<br> org.testng.SuiteRunnerWorker.runSuite(SuiteRunnerWorker.java:52)<br> org.testng.SuiteRunnerWorker.run(SuiteRunnerWorker.java:95)<br> org.testng.TestNG.runSuitesSequentially(TestNG.java:1301)<br> org.testng.TestNG.runSuitesLocally(TestNG.java:1228)<br> org.testng.TestNG.runSuites(TestNG.java:1134)<br> org.testng.TestNG.run(TestNG.java:1101)<br> org.apache.maven.surefire.testng.TestNGExecutor.run(TestNGExecutor.java:308)<br> org.apache.maven.surefire.testng.TestNGXmlTestSuite.execute(TestNGXmlTestSuite.java:71)<br> org.apache.maven.surefire.testng.TestNGProvider.invoke(TestNGProvider.java:113)<br> org.apache.maven.surefire.booter.ForkedBooter.runSuitesInProcess(ForkedBooter.java:385)<br> org.apache.maven.surefire.booter.ForkedBooter.execute(ForkedBooter.java:162)<br> org.apache.maven.surefire.booter.ForkedBooter.run(ForkedBooter.java:507)<br> org.apache.maven.surefire.booter.ForkedBooter.main(ForkedBooter.java:495)]</details>
					
				</td>
			</tr>
			<tr class='log' status='fail'>
				<td class='status fail' title='fail' alt='fail'><i class='material-icons'>cancel</i></td>
				<td class='timestamp'>2:38:02 PM</td>
				<td class='step-details'>
						<span class='badge white-text red'>TEST CASE FAILED</span>
					
				</td>
			</tr>
		</tbody>
	</table>
</div>
					</div>
				</li>
				<li class='test displayed active  fail' status='fail' bdd='false' test-id='7'>
					<div class='test-heading'>
						<span class='test-name'>Test_case.To_Verify_Application_Monitoring     @TestCase : Application_monitoring</span>
						<span class='test-time'>Mar 19, 2024 02:38:06 PM</span>
						<span class='test-status right fail'>fail</span>
					</div>
					<div class='test-content hide'>
<div class='test-time-info'>
	<span class='label start-time'>Mar 19, 2024 02:38:06 PM</span>
	<span class='label end-time'>Mar 19, 2024 02:38:06 PM</span>
	<span class='label time-taken grey lighten-1 white-text'>0h 0m 0s+52ms</span>
</div>
<div class='test-steps'>
	<table class='bordered table-results'>
		<thead>
			<tr>
				<th>Status</th>
				<th>Timestamp</th>
				<th>Details</th>
			</tr>
		</thead>
		<tbody>
			<tr class='log' status='fail'>
				<td class='status fail' title='fail' alt='fail'><i class='material-icons'>cancel</i></td>
				<td class='timestamp'>2:38:06 PM</td>
				<td class='step-details'>
						<details><summary><b><font color=red>Exception Occured:Click to see</font></b ></summary>[java.base/jdk.internal.reflect.NativeConstructorAccessorImpl.newInstance0(Native Method)<br> java.base/jdk.internal.reflect.NativeConstructorAccessorImpl.newInstance(NativeConstructorAccessorImpl.java:62)<br> java.base/jdk.internal.reflect.DelegatingConstructorAccessorImpl.newInstance(DelegatingConstructorAccessorImpl.java:45)<br> java.base/java.lang.reflect.Constructor.newInstance(Constructor.java:490)<br> org.openqa.selenium.remote.codec.w3c.W3CHttpResponseCodec.createException(W3CHttpResponseCodec.java:200)<br> org.openqa.selenium.remote.codec.w3c.W3CHttpResponseCodec.decode(W3CHttpResponseCodec.java:133)<br> org.openqa.selenium.remote.codec.w3c.W3CHttpResponseCodec.decode(W3CHttpResponseCodec.java:52)<br> org.openqa.selenium.remote.HttpCommandExecutor.execute(HttpCommandExecutor.java:191)<br> org.openqa.selenium.remote.service.DriverCommandExecutor.invokeExecute(DriverCommandExecutor.java:200)<br> org.openqa.selenium.remote.service.DriverCommandExecutor.execute(DriverCommandExecutor.java:175)<br> org.openqa.selenium.remote.RemoteWebDriver.execute(RemoteWebDriver.java:607)<br> org.openqa.selenium.remote.ElementLocation$ElementFinder$2.findElement(ElementLocation.java:165)<br> org.openqa.selenium.remote.ElementLocation.findElement(ElementLocation.java:66)<br> org.openqa.selenium.remote.RemoteWebDriver.findElement(RemoteWebDriver.java:364)<br> org.openqa.selenium.remote.RemoteWebDriver.findElement(RemoteWebDriver.java:358)<br> org.openqa.selenium.support.pagefactory.DefaultElementLocator.findElement(DefaultElementLocator.java:68)<br> org.openqa.selenium.support.pagefactory.internal.LocatingElementHandler.invoke(LocatingElementHandler.java:38)<br> com.sun.proxy.$Proxy10.sendKeys(Unknown Source)<br> Test_case.To_Verify_Application_Monitoring.login(To_Verify_Application_Monitoring.java:24)<br> Test_case.To_Verify_Application_Monitoring.Application_monitoring(To_Verify_Application_Monitoring.java:107)<br> java.base/jdk.internal.reflect.NativeMethodAccessorImpl.invoke0(Native Method)<br> java.base/jdk.internal.reflect.NativeMethodAccessorImpl.invoke(NativeMethodAccessorImpl.java:62)<br> java.base/jdk.internal.reflect.DelegatingMethodAccessorImpl.invoke(DelegatingMethodAccessorImpl.java:43)<br> java.base/java.lang.reflect.Method.invoke(Method.java:566)<br> org.testng.internal.invokers.MethodInvocationHelper.invokeMethod(MethodInvocationHelper.java:139)<br> org.testng.internal.invokers.TestInvoker.invokeMethod(TestInvoker.java:664)<br> org.testng.internal.invokers.TestInvoker.invokeTestMethod(TestInvoker.java:228)<br> org.testng.internal.invokers.MethodRunner.runInSequence(MethodRunner.java:63)<br> org.testng.internal.invokers.TestInvoker$MethodInvocationAgent.invoke(TestInvoker.java:961)<br> org.testng.internal.invokers.TestInvoker.invokeTestMethods(TestInvoker.java:201)<br> org.testng.internal.invokers.TestMethodWorker.invokeTestMethods(TestMethodWorker.java:148)<br> org.testng.internal.invokers.TestMethodWorker.run(TestMethodWorker.java:128)<br> java.base/java.util.ArrayList.forEach(ArrayList.java:1541)<br> org.testng.TestRunner.privateRun(TestRunner.java:819)<br> org.testng.TestRunner.run(TestRunner.java:619)<br> org.testng.SuiteRunner.runTest(SuiteRunner.java:443)<br> org.testng.SuiteRunner.runSequentially(SuiteRunner.java:437)<br> org.testng.SuiteRunner.privateRun(SuiteRunner.java:397)<br> org.testng.SuiteRunner.run(SuiteRunner.java:336)<br> org.testng.SuiteRunnerWorker.runSuite(SuiteRunnerWorker.java:52)<br> org.testng.SuiteRunnerWorker.run(SuiteRunnerWorker.java:95)<br> org.testng.TestNG.runSuitesSequentially(TestNG.java:1301)<br> org.testng.TestNG.runSuitesLocally(TestNG.java:1228)<br> org.testng.TestNG.runSuites(TestNG.java:1134)<br> org.testng.TestNG.run(TestNG.java:1101)<br> org.apache.maven.surefire.testng.TestNGExecutor.run(TestNGExecutor.java:308)<br> org.apache.maven.surefire.testng.TestNGXmlTestSuite.execute(TestNGXmlTestSuite.java:71)<br> org.apache.maven.surefire.testng.TestNGProvider.invoke(TestNGProvider.java:113)<br> org.apache.maven.surefire.booter.ForkedBooter.runSuitesInProcess(ForkedBooter.java:385)<br> org.apache.maven.surefire.booter.ForkedBooter.execute(ForkedBooter.java:162)<br> org.apache.maven.surefire.booter.ForkedBooter.run(ForkedBooter.java:507)<br> org.apache.maven.surefire.booter.ForkedBooter.main(ForkedBooter.java:495)]</details>
					
				</td>
			</tr>
			<tr class='log' status='fail'>
				<td class='status fail' title='fail' alt='fail'><i class='material-icons'>cancel</i></td>
				<td class='timestamp'>2:38:06 PM</td>
				<td class='step-details'>
						<span class='badge white-text red'>TEST CASE FAILED</span>
					
				</td>
			</tr>
		</tbody>
	</table>
</div>
					</div>
				</li>
				<li class='test displayed active  fail' status='fail' bdd='false' test-id='8'>
					<div class='test-heading'>
						<span class='test-name'>Test_case.To_verify_GatewayMonitoring     @TestCase : Gateway_monitoring</span>
						<span class='test-time'>Mar 19, 2024 02:38:10 PM</span>
						<span class='test-status right fail'>fail</span>
					</div>
					<div class='test-content hide'>
<div class='test-time-info'>
	<span class='label start-time'>Mar 19, 2024 02:38:10 PM</span>
	<span class='label end-time'>Mar 19, 2024 02:38:10 PM</span>
	<span class='label time-taken grey lighten-1 white-text'>0h 0m 0s+51ms</span>
</div>
<div class='test-steps'>
	<table class='bordered table-results'>
		<thead>
			<tr>
				<th>Status</th>
				<th>Timestamp</th>
				<th>Details</th>
			</tr>
		</thead>
		<tbody>
			<tr class='log' status='fail'>
				<td class='status fail' title='fail' alt='fail'><i class='material-icons'>cancel</i></td>
				<td class='timestamp'>2:38:10 PM</td>
				<td class='step-details'>
						<details><summary><b><font color=red>Exception Occured:Click to see</font></b ></summary>[java.base/jdk.internal.reflect.NativeConstructorAccessorImpl.newInstance0(Native Method)<br> java.base/jdk.internal.reflect.NativeConstructorAccessorImpl.newInstance(NativeConstructorAccessorImpl.java:62)<br> java.base/jdk.internal.reflect.DelegatingConstructorAccessorImpl.newInstance(DelegatingConstructorAccessorImpl.java:45)<br> java.base/java.lang.reflect.Constructor.newInstance(Constructor.java:490)<br> org.openqa.selenium.remote.codec.w3c.W3CHttpResponseCodec.createException(W3CHttpResponseCodec.java:200)<br> org.openqa.selenium.remote.codec.w3c.W3CHttpResponseCodec.decode(W3CHttpResponseCodec.java:133)<br> org.openqa.selenium.remote.codec.w3c.W3CHttpResponseCodec.decode(W3CHttpResponseCodec.java:52)<br> org.openqa.selenium.remote.HttpCommandExecutor.execute(HttpCommandExecutor.java:191)<br> org.openqa.selenium.remote.service.DriverCommandExecutor.invokeExecute(DriverCommandExecutor.java:200)<br> org.openqa.selenium.remote.service.DriverCommandExecutor.execute(DriverCommandExecutor.java:175)<br> org.openqa.selenium.remote.RemoteWebDriver.execute(RemoteWebDriver.java:607)<br> org.openqa.selenium.remote.ElementLocation$ElementFinder$2.findElement(ElementLocation.java:165)<br> org.openqa.selenium.remote.ElementLocation.findElement(ElementLocation.java:66)<br> org.openqa.selenium.remote.RemoteWebDriver.findElement(RemoteWebDriver.java:364)<br> org.openqa.selenium.remote.RemoteWebDriver.findElement(RemoteWebDriver.java:358)<br> org.openqa.selenium.support.pagefactory.DefaultElementLocator.findElement(DefaultElementLocator.java:68)<br> org.openqa.selenium.support.pagefactory.internal.LocatingElementHandler.invoke(LocatingElementHandler.java:38)<br> com.sun.proxy.$Proxy10.sendKeys(Unknown Source)<br> Test_case.To_verify_GatewayMonitoring.login(To_verify_GatewayMonitoring.java:18)<br> Test_case.To_verify_GatewayMonitoring.Gateway_monitoring(To_verify_GatewayMonitoring.java:97)<br> java.base/jdk.internal.reflect.NativeMethodAccessorImpl.invoke0(Native Method)<br> java.base/jdk.internal.reflect.NativeMethodAccessorImpl.invoke(NativeMethodAccessorImpl.java:62)<br> java.base/jdk.internal.reflect.DelegatingMethodAccessorImpl.invoke(DelegatingMethodAccessorImpl.java:43)<br> java.base/java.lang.reflect.Method.invoke(Method.java:566)<br> org.testng.internal.invokers.MethodInvocationHelper.invokeMethod(MethodInvocationHelper.java:139)<br> org.testng.internal.invokers.TestInvoker.invokeMethod(TestInvoker.java:664)<br> org.testng.internal.invokers.TestInvoker.invokeTestMethod(TestInvoker.java:228)<br> org.testng.internal.invokers.MethodRunner.runInSequence(MethodRunner.java:63)<br> org.testng.internal.invokers.TestInvoker$MethodInvocationAgent.invoke(TestInvoker.java:961)<br> org.testng.internal.invokers.TestInvoker.invokeTestMethods(TestInvoker.java:201)<br> org.testng.internal.invokers.TestMethodWorker.invokeTestMethods(TestMethodWorker.java:148)<br> org.testng.internal.invokers.TestMethodWorker.run(TestMethodWorker.java:128)<br> java.base/java.util.ArrayList.forEach(ArrayList.java:1541)<br> org.testng.TestRunner.privateRun(TestRunner.java:819)<br> org.testng.TestRunner.run(TestRunner.java:619)<br> org.testng.SuiteRunner.runTest(SuiteRunner.java:443)<br> org.testng.SuiteRunner.runSequentially(SuiteRunner.java:437)<br> org.testng.SuiteRunner.privateRun(SuiteRunner.java:397)<br> org.testng.SuiteRunner.run(SuiteRunner.java:336)<br> org.testng.SuiteRunnerWorker.runSuite(SuiteRunnerWorker.java:52)<br> org.testng.SuiteRunnerWorker.run(SuiteRunnerWorker.java:95)<br> org.testng.TestNG.runSuitesSequentially(TestNG.java:1301)<br> org.testng.TestNG.runSuitesLocally(TestNG.java:1228)<br> org.testng.TestNG.runSuites(TestNG.java:1134)<br> org.testng.TestNG.run(TestNG.java:1101)<br> org.apache.maven.surefire.testng.TestNGExecutor.run(TestNGExecutor.java:308)<br> org.apache.maven.surefire.testng.TestNGXmlTestSuite.execute(TestNGXmlTestSuite.java:71)<br> org.apache.maven.surefire.testng.TestNGProvider.invoke(TestNGProvider.java:113)<br> org.apache.maven.surefire.booter.ForkedBooter.runSuitesInProcess(ForkedBooter.java:385)<br> org.apache.maven.surefire.booter.ForkedBooter.execute(ForkedBooter.java:162)<br> org.apache.maven.surefire.booter.ForkedBooter.run(ForkedBooter.java:507)<br> org.apache.maven.surefire.booter.ForkedBooter.main(ForkedBooter.java:495)]</details>
					
				</td>
			</tr>
			<tr class='log' status='fail'>
				<td class='status fail' title='fail' alt='fail'><i class='material-icons'>cancel</i></td>
				<td class='timestamp'>2:38:10 PM</td>
				<td class='step-details'>
						<span class='badge white-text red'>TEST CASE FAILED</span>
					
				</td>
			</tr>
		</tbody>
	</table>
</div>
					</div>
				</li>
				<li class='test displayed active  fail' status='fail' bdd='false' test-id='9'>
					<div class='test-heading'>
						<span class='test-name'>Test_case.To_verify_HealthCheck     @TestCase : Health_RequestID</span>
						<span class='test-time'>Mar 19, 2024 02:38:13 PM</span>
						<span class='test-status right fail'>fail</span>
					</div>
					<div class='test-content hide'>
<div class='test-time-info'>
	<span class='label start-time'>Mar 19, 2024 02:38:13 PM</span>
	<span class='label end-time'>Mar 19, 2024 02:38:13 PM</span>
	<span class='label time-taken grey lighten-1 white-text'>0h 0m 0s+83ms</span>
</div>
<div class='test-steps'>
	<table class='bordered table-results'>
		<thead>
			<tr>
				<th>Status</th>
				<th>Timestamp</th>
				<th>Details</th>
			</tr>
		</thead>
		<tbody>
			<tr class='log' status='fail'>
				<td class='status fail' title='fail' alt='fail'><i class='material-icons'>cancel</i></td>
				<td class='timestamp'>2:38:13 PM</td>
				<td class='step-details'>
						<details><summary><b><font color=red>Exception Occured:Click to see</font></b ></summary>[java.base/jdk.internal.reflect.NativeConstructorAccessorImpl.newInstance0(Native Method)<br> java.base/jdk.internal.reflect.NativeConstructorAccessorImpl.newInstance(NativeConstructorAccessorImpl.java:62)<br> java.base/jdk.internal.reflect.DelegatingConstructorAccessorImpl.newInstance(DelegatingConstructorAccessorImpl.java:45)<br> java.base/java.lang.reflect.Constructor.newInstance(Constructor.java:490)<br> org.openqa.selenium.remote.codec.w3c.W3CHttpResponseCodec.createException(W3CHttpResponseCodec.java:200)<br> org.openqa.selenium.remote.codec.w3c.W3CHttpResponseCodec.decode(W3CHttpResponseCodec.java:133)<br> org.openqa.selenium.remote.codec.w3c.W3CHttpResponseCodec.decode(W3CHttpResponseCodec.java:52)<br> org.openqa.selenium.remote.HttpCommandExecutor.execute(HttpCommandExecutor.java:191)<br> org.openqa.selenium.remote.service.DriverCommandExecutor.invokeExecute(DriverCommandExecutor.java:200)<br> org.openqa.selenium.remote.service.DriverCommandExecutor.execute(DriverCommandExecutor.java:175)<br> org.openqa.selenium.remote.RemoteWebDriver.execute(RemoteWebDriver.java:607)<br> org.openqa.selenium.remote.ElementLocation$ElementFinder$2.findElement(ElementLocation.java:165)<br> org.openqa.selenium.remote.ElementLocation.findElement(ElementLocation.java:66)<br> org.openqa.selenium.remote.RemoteWebDriver.findElement(RemoteWebDriver.java:364)<br> org.openqa.selenium.remote.RemoteWebDriver.findElement(RemoteWebDriver.java:358)<br> org.openqa.selenium.support.pagefactory.DefaultElementLocator.findElement(DefaultElementLocator.java:68)<br> org.openqa.selenium.support.pagefactory.internal.LocatingElementHandler.invoke(LocatingElementHandler.java:38)<br> com.sun.proxy.$Proxy10.sendKeys(Unknown Source)<br> Test_case.To_verify_HealthCheck.login(To_verify_HealthCheck.java:17)<br> Test_case.To_verify_HealthCheck.Health_RequestID(To_verify_HealthCheck.java:53)<br> java.base/jdk.internal.reflect.NativeMethodAccessorImpl.invoke0(Native Method)<br> java.base/jdk.internal.reflect.NativeMethodAccessorImpl.invoke(NativeMethodAccessorImpl.java:62)<br> java.base/jdk.internal.reflect.DelegatingMethodAccessorImpl.invoke(DelegatingMethodAccessorImpl.java:43)<br> java.base/java.lang.reflect.Method.invoke(Method.java:566)<br> org.testng.internal.invokers.MethodInvocationHelper.invokeMethod(MethodInvocationHelper.java:139)<br> org.testng.internal.invokers.TestInvoker.invokeMethod(TestInvoker.java:664)<br> org.testng.internal.invokers.TestInvoker.invokeTestMethod(TestInvoker.java:228)<br> org.testng.internal.invokers.MethodRunner.runInSequence(MethodRunner.java:63)<br> org.testng.internal.invokers.TestInvoker$MethodInvocationAgent.invoke(TestInvoker.java:961)<br> org.testng.internal.invokers.TestInvoker.invokeTestMethods(TestInvoker.java:201)<br> org.testng.internal.invokers.TestMethodWorker.invokeTestMethods(TestMethodWorker.java:148)<br> org.testng.internal.invokers.TestMethodWorker.run(TestMethodWorker.java:128)<br> java.base/java.util.ArrayList.forEach(ArrayList.java:1541)<br> org.testng.TestRunner.privateRun(TestRunner.java:819)<br> org.testng.TestRunner.run(TestRunner.java:619)<br> org.testng.SuiteRunner.runTest(SuiteRunner.java:443)<br> org.testng.SuiteRunner.runSequentially(SuiteRunner.java:437)<br> org.testng.SuiteRunner.privateRun(SuiteRunner.java:397)<br> org.testng.SuiteRunner.run(SuiteRunner.java:336)<br> org.testng.SuiteRunnerWorker.runSuite(SuiteRunnerWorker.java:52)<br> org.testng.SuiteRunnerWorker.run(SuiteRunnerWorker.java:95)<br> org.testng.TestNG.runSuitesSequentially(TestNG.java:1301)<br> org.testng.TestNG.runSuitesLocally(TestNG.java:1228)<br> org.testng.TestNG.runSuites(TestNG.java:1134)<br> org.testng.TestNG.run(TestNG.java:1101)<br> org.apache.maven.surefire.testng.TestNGExecutor.run(TestNGExecutor.java:308)<br> org.apache.maven.surefire.testng.TestNGXmlTestSuite.execute(TestNGXmlTestSuite.java:71)<br> org.apache.maven.surefire.testng.TestNGProvider.invoke(TestNGProvider.java:113)<br> org.apache.maven.surefire.booter.ForkedBooter.runSuitesInProcess(ForkedBooter.java:385)<br> org.apache.maven.surefire.booter.ForkedBooter.execute(ForkedBooter.java:162)<br> org.apache.maven.surefire.booter.ForkedBooter.run(ForkedBooter.java:507)<br> org.apache.maven.surefire.booter.ForkedBooter.main(ForkedBooter.java:495)]</details>
					
				</td>
			</tr>
			<tr class='log' status='fail'>
				<td class='status fail' title='fail' alt='fail'><i class='material-icons'>cancel</i></td>
				<td class='timestamp'>2:38:13 PM</td>
				<td class='step-details'>
						<span class='badge white-text red'>TEST CASE FAILED</span>
					
				</td>
			</tr>
		</tbody>
	</table>
</div>
					</div>
				</li>
				<li class='test displayed active  fail' status='fail' bdd='false' test-id='10'>
					<div class='test-heading'>
						<span class='test-name'>Test_case.To_verify_requestid     @TestCase : Verify_RequestID</span>
						<span class='test-time'>Mar 19, 2024 02:38:17 PM</span>
						<span class='test-status right fail'>fail</span>
					</div>
					<div class='test-content hide'>
<div class='test-time-info'>
	<span class='label start-time'>Mar 19, 2024 02:38:17 PM</span>
	<span class='label end-time'>Mar 19, 2024 02:38:17 PM</span>
	<span class='label time-taken grey lighten-1 white-text'>0h 0m 0s+17ms</span>
</div>
<div class='test-steps'>
	<table class='bordered table-results'>
		<thead>
			<tr>
				<th>Status</th>
				<th>Timestamp</th>
				<th>Details</th>
			</tr>
		</thead>
		<tbody>
			<tr class='log' status='fail'>
				<td class='status fail' title='fail' alt='fail'><i class='material-icons'>cancel</i></td>
				<td class='timestamp'>2:38:17 PM</td>
				<td class='step-details'>
						<details><summary><b><font color=red>Exception Occured:Click to see</font></b ></summary>[jdk.internal.reflect.GeneratedConstructorAccessor12.newInstance(Unknown Source)<br> java.base/jdk.internal.reflect.DelegatingConstructorAccessorImpl.newInstance(DelegatingConstructorAccessorImpl.java:45)<br> java.base/java.lang.reflect.Constructor.newInstance(Constructor.java:490)<br> org.openqa.selenium.remote.codec.w3c.W3CHttpResponseCodec.createException(W3CHttpResponseCodec.java:200)<br> org.openqa.selenium.remote.codec.w3c.W3CHttpResponseCodec.decode(W3CHttpResponseCodec.java:133)<br> org.openqa.selenium.remote.codec.w3c.W3CHttpResponseCodec.decode(W3CHttpResponseCodec.java:52)<br> org.openqa.selenium.remote.HttpCommandExecutor.execute(HttpCommandExecutor.java:191)<br> org.openqa.selenium.remote.service.DriverCommandExecutor.invokeExecute(DriverCommandExecutor.java:200)<br> org.openqa.selenium.remote.service.DriverCommandExecutor.execute(DriverCommandExecutor.java:175)<br> org.openqa.selenium.remote.RemoteWebDriver.execute(RemoteWebDriver.java:607)<br> org.openqa.selenium.remote.ElementLocation$ElementFinder$2.findElement(ElementLocation.java:165)<br> org.openqa.selenium.remote.ElementLocation.findElement(ElementLocation.java:66)<br> org.openqa.selenium.remote.RemoteWebDriver.findElement(RemoteWebDriver.java:364)<br> org.openqa.selenium.remote.RemoteWebDriver.findElement(RemoteWebDriver.java:358)<br> org.openqa.selenium.support.pagefactory.DefaultElementLocator.findElement(DefaultElementLocator.java:68)<br> org.openqa.selenium.support.pagefactory.internal.LocatingElementHandler.invoke(LocatingElementHandler.java:38)<br> com.sun.proxy.$Proxy10.sendKeys(Unknown Source)<br> Test_case.To_verify_requestid.login(To_verify_requestid.java:20)<br> Test_case.To_verify_requestid.Verify_RequestID(To_verify_requestid.java:52)<br> java.base/jdk.internal.reflect.NativeMethodAccessorImpl.invoke0(Native Method)<br> java.base/jdk.internal.reflect.NativeMethodAccessorImpl.invoke(NativeMethodAccessorImpl.java:62)<br> java.base/jdk.internal.reflect.DelegatingMethodAccessorImpl.invoke(DelegatingMethodAccessorImpl.java:43)<br> java.base/java.lang.reflect.Method.invoke(Method.java:566)<br> org.testng.internal.invokers.MethodInvocationHelper.invokeMethod(MethodInvocationHelper.java:139)<br> org.testng.internal.invokers.TestInvoker.invokeMethod(TestInvoker.java:664)<br> org.testng.internal.invokers.TestInvoker.invokeTestMethod(TestInvoker.java:228)<br> org.testng.internal.invokers.MethodRunner.runInSequence(MethodRunner.java:63)<br> org.testng.internal.invokers.TestInvoker$MethodInvocationAgent.invoke(TestInvoker.java:961)<br> org.testng.internal.invokers.TestInvoker.invokeTestMethods(TestInvoker.java:201)<br> org.testng.internal.invokers.TestMethodWorker.invokeTestMethods(TestMethodWorker.java:148)<br> org.testng.internal.invokers.TestMethodWorker.run(TestMethodWorker.java:128)<br> java.base/java.util.ArrayList.forEach(ArrayList.java:1541)<br> org.testng.TestRunner.privateRun(TestRunner.java:819)<br> org.testng.TestRunner.run(TestRunner.java:619)<br> org.testng.SuiteRunner.runTest(SuiteRunner.java:443)<br> org.testng.SuiteRunner.runSequentially(SuiteRunner.java:437)<br> org.testng.SuiteRunner.privateRun(SuiteRunner.java:397)<br> org.testng.SuiteRunner.run(SuiteRunner.java:336)<br> org.testng.SuiteRunnerWorker.runSuite(SuiteRunnerWorker.java:52)<br> org.testng.SuiteRunnerWorker.run(SuiteRunnerWorker.java:95)<br> org.testng.TestNG.runSuitesSequentially(TestNG.java:1301)<br> org.testng.TestNG.runSuitesLocally(TestNG.java:1228)<br> org.testng.TestNG.runSuites(TestNG.java:1134)<br> org.testng.TestNG.run(TestNG.java:1101)<br> org.apache.maven.surefire.testng.TestNGExecutor.run(TestNGExecutor.java:308)<br> org.apache.maven.surefire.testng.TestNGXmlTestSuite.execute(TestNGXmlTestSuite.java:71)<br> org.apache.maven.surefire.testng.TestNGProvider.invoke(TestNGProvider.java:113)<br> org.apache.maven.surefire.booter.ForkedBooter.runSuitesInProcess(ForkedBooter.java:385)<br> org.apache.maven.surefire.booter.ForkedBooter.execute(ForkedBooter.java:162)<br> org.apache.maven.surefire.booter.ForkedBooter.run(ForkedBooter.java:507)<br> org.apache.maven.surefire.booter.ForkedBooter.main(ForkedBooter.java:495)]</details>
					
				</td>
			</tr>
			<tr class='log' status='fail'>
				<td class='status fail' title='fail' alt='fail'><i class='material-icons'>cancel</i></td>
				<td class='timestamp'>2:38:17 PM</td>
				<td class='step-details'>
						<span class='badge white-text red'>TEST CASE FAILED</span>
					
				</td>
			</tr>
		</tbody>
	</table>
</div>
					</div>
				</li>
			</ul>
		</div>
	</div>
	<!-- subview left -->
	<div class='subview-right left'>
		<div class='view-summary'>
			<div id='step-filters' class="right sr-filters">
				<a class="btn-floating waves-effect waves-light green" status="pass" alt="pass" title="pass"><i class="material-icons">check_circle</i></a>
				<a class="btn-floating waves-effect waves-light red" status="fail" alt="fail" title="fail"><i class="material-icons">cancel</i></a>
				<a class="btn-floating waves-effect waves-light red darken-4" status="fatal" alt="fatal" title="fatal"><i class="material-icons">cancel</i></a>
				<a class="btn-floating waves-effect waves-light pink text-lighten-1" status="error" alt="error" title="error"><i class="material-icons">error</i></a>
				<a class="btn-floating waves-effect waves-light orange" alt="warning" status="warning" title="warning"><i class="material-icons">warning</i></a>
				<a class="btn-floating waves-effect waves-light teal" status="skip" alt="skip" title="skip"><i class="material-icons">redo</i></a>
				<a class="btn-floating waves-effect waves-light grey" status="clear" alt="Clear filters" title="Clear filters"><i class="material-icons">clear</i></a>
			</div>
			<h5 class='test-name'></h5>
		</div>
	</div>
	<!-- subview right -->
</div>
<!-- test view --><!-- category view --><!-- exception view --><div id='dashboard-view' class='view hide'>
	<div class='card-panel transparent np-v'>
		<h5>Dashboard</h5>

		<div class='row'>
			<div class='col s2'>
				<div class='card-panel r'>
					Tests
					<div class='panel-lead'>10</div>
				</div>
			</div>
			<div class='col s2'>
				<div class='card-panel r'>
					Steps
					<div class='panel-lead'>0</div>
				</div>
			</div>
			<div class='col s2'>
				<div class='card-panel r'>
					Start
					<div class='panel-lead'>Mar 19, 2024 02:36:47 PM</div>
				</div>
			</div>
			<div class='col s2'>
				<div class='card-panel r'>
			 		End
			 		<div class='panel-lead'>Mar 19, 2024 02:38:17 PM</div>
				</div>
			</div>
			<div class='col s2'>
				<div class='card-panel r'>
					Time Taken
					<div class='panel-lead'>0h 1m 30s+30ms</div>
				</div>
			</div>
			<div class='col s4'>
				<div class='card-panel dashboard-environment'>
					<span class='right label cyan white-text'>Environment</span><p>&nbsp;</p>
					
					<table>
						<tr>
							<th>Name</th>
							<th>Value</th>
						</tr>
							<tr>
								<td>Release No</td>
								<td>22</td>
							</tr>
							<tr>
								<td>Environment</td>
								<td>QA</td>
							</tr>
							<tr>
								<td>Build no</td>
								<td>B-12673</td>
							</tr>
					</table>
				</div>
			</div>
		</div>
	</div>
</div>
<!-- dashboard view -->
<!-- testrunner-logs view -->		</div>
		<!-- container -->
		<script>
			var statusGroup = {
                parentCount: 10,
				passParent: 0,
				failParent: 10,
				fatalParent: 0,
				errorParent: 0,
				warningParent: 0,
				skipParent: 0,
				exceptionsParent: 10,
				childCount: 0,
				passChild: 0,
				failChild: 0,
				fatalChild: 0,
				errorChild: 0,
				warningChild: 0,
				skipChild: 0,
				infoChild: 0,
				debugChild: 0,
				exceptionsChild: 0,
				grandChildCount: 0,
				passGrandChild: 0,
				failGrandChild: 0,
				fatalGrandChild: 0,
				errorGrandChild: 0,
				warningGrandChild: 0,
				skipGrandChild: 0,
				infoGrandChild: 0,
				debugGrandChild: 0,
				exceptionsGrandChild: 0,
			};
		</script>
		<script>
			var timeline = {
			        "Test_case.To_Verify_login_page     @TestCase : loginpage":10.349,"Test_case.Login_with_invalid_credential     @TestCase : Invalid_inputs":0.067,"Test_case.To_verify_Home_page     @TestCase : Homepage":0.063,"Test_case.To_Verify_Edit_Client     @TestCase : Edit_Client_Feature":0.105,"Test_case.To_Verify_Gateway_Control     @TestCase : GatewayControl":0.052,"Test_case.To_verify_failover_data_sync     @TestCase : Failover":0.067,"Test_case.To_Verify_Application_Monitoring     @TestCase : Application_monitoring":0.052,"Test_case.To_verify_GatewayMonitoring     @TestCase : Gateway_monitoring":0.051,"Test_case.To_verify_HealthCheck     @TestCase : Health_RequestID":0.083,"Test_case.To_verify_requestid     @TestCase : Verify_RequestID":0.017
			};
		</script>
		<script src='https://cdn.rawgit.com/extent-framework/extent-github-cdn/b65cd69/v3html/js/extent.js' type='text/javascript'></script>
		<script type='text/javascript'>
			document.querySelector('.brand-logo').innerHTML = '<img class="logo" src="file:///C:/Users/10155/Downloads/kcube_logo.png" height="50px" width="100px">';document.querySelector('.report-name').innerText = 'KCUBE CONSULTING SERVICES';
		</script>
	</body>
</html>