<?xml version="1.0" encoding="UTF-8"?>
<!-- Generated by org.testng.reporters.JUnitXMLReporter -->
<testsuite ignored="4" hostname="DESKTOP-V23L3TE" failures="2" tests="3" name="To verify login functionality" time="12.139" errors="0" timestamp="2023-10-26T12:36:32 IST">
  <testcase classname="Test_case.To_Verify_login_page" name="loginpage" time="10.039"/>
  <testcase classname="Test_case.Login_with_invalid_credential" name="Invalid_inputs" time="0.006">
    <failure type="java.lang.NullPointerException" message="Cannot invoke &amp;quot;java.util.Properties.getProperty(String)&amp;quot; because &amp;quot;this.properties&amp;quot; is null">
      <![CDATA[java.lang.NullPointerException: Cannot invoke "java.util.Properties.getProperty(String)" because "this.properties" is null
at Test_case.Login_with_invalid_credential.invalid_userid(Login_with_invalid_credential.java:13)
at Test_case.Login_with_invalid_credential.Invalid_inputs(Login_with_invalid_credential.java:38)
at java.base/java.util.ArrayList.forEach(ArrayList.java:1511)
... Removed 27 stack frames]]>
    </failure>
  </testcase> <!-- Invalid_inputs -->
  <testcase classname="Test_case.To_verify_Home_page" name="Homepage" time="2.02">
    <failure type="java.lang.NullPointerException" message="Cannot invoke &amp;quot;org.openqa.selenium.SearchContext.findElement(org.openqa.selenium.By)&amp;quot; because &amp;quot;this.searchContext&amp;quot; is null">
      <![CDATA[java.lang.NullPointerException: Cannot invoke "org.openqa.selenium.SearchContext.findElement(org.openqa.selenium.By)" because "this.searchContext" is null
at org.openqa.selenium.support.pagefactory.DefaultElementLocator.findElement(DefaultElementLocator.java:68)
at org.openqa.selenium.support.pagefactory.internal.LocatingElementHandler.invoke(LocatingElementHandler.java:38)
at jdk.proxy2/jdk.proxy2.$Proxy13.getText(Unknown Source)
at Test_case.To_verify_Home_page.Verify_server_dropdown(To_verify_Home_page.java:15)
at Test_case.To_verify_Home_page.Homepage(To_verify_Home_page.java:25)
at java.base/java.util.ArrayList.forEach(ArrayList.java:1511)
... Removed 27 stack frames]]>
    </failure>
  </testcase> <!-- Homepage -->
  <testcase classname="Common_function.Base_function" name="@AfterSuite teardown" time="0.0">
    <ignored/>
  </testcase> <!-- @AfterSuite teardown -->
  <testcase classname="Common_function.Base_function" name="@AfterSuite teardown" time="0.0">
    <ignored/>
  </testcase> <!-- @AfterSuite teardown -->
  <testcase classname="Common_function.Base_function" name="@BeforeSuite lunchbrowser" time="0.0">
    <ignored/>
  </testcase> <!-- @BeforeSuite lunchbrowser -->
  <testcase classname="Common_function.Base_function" name="@BeforeSuite lunchbrowser" time="0.0">
    <ignored/>
  </testcase> <!-- @BeforeSuite lunchbrowser -->
</testsuite> <!-- To verify login functionality -->
